[debug] [2021-07-24T12:34:58.551Z] ----------------------------------------------------------------------
[debug] [2021-07-24T12:34:58.553Z] Command:       /usr/local/bin/node /usr/local/bin/firebase init
[debug] [2021-07-24T12:34:58.553Z] CLI Version:   7.9.0
[debug] [2021-07-24T12:34:58.553Z] Platform:      darwin
[debug] [2021-07-24T12:34:58.554Z] Node Version:  v12.18.2
[debug] [2021-07-24T12:34:58.561Z] Time:          Sat Jul 24 2021 19:34:58 GMT+0700 (Western Indonesia Time)
[debug] [2021-07-24T12:34:58.561Z] ----------------------------------------------------------------------
[debug] [2021-07-24T12:34:58.561Z] 
[debug] [2021-07-24T12:34:58.571Z] > command requires scopes: ["email","openid","https://www.googleapis.com/auth/cloudplatformprojects.readonly","https://www.googleapis.com/auth/firebase","https://www.googleapis.com/auth/cloud-platform"]
[debug] [2021-07-24T12:34:58.572Z] > authorizing via signed-in user
[info] 
     ######## #### ########  ######## ########     ###     ######  ########
     ##        ##  ##     ## ##       ##     ##  ##   ##  ##       ##
     ######    ##  ########  ######   ########  #########  ######  ######
     ##        ##  ##    ##  ##       ##     ## ##     ##       ## ##
     ##       #### ##     ## ######## ########  ##     ##  ######  ########

You're about to initialize a Firebase project in this directory:

  /Applications/MAMP/htdocs/Berasku

Before we get started, keep in mind:

  * You are currently outside your home directory

[info] 
=== Project Setup
[info] 
[info] First, let's associate this project directory with a Firebase project.
[info] You can create multiple project aliases by running firebase use --add, 
[info] but for now we'll just set up a default project.
[info] 
[debug] [2021-07-24T12:35:03.279Z] > refreshing access token with scopes: ["email","https://www.googleapis.com/auth/cloud-platform","https://www.googleapis.com/auth/cloudplatformprojects.readonly","https://www.googleapis.com/auth/firebase","openid"]
[debug] [2021-07-24T12:35:03.279Z] >>> HTTP REQUEST POST https://www.googleapis.com/oauth2/v3/token  
 <request body omitted>
[debug] [2021-07-24T12:35:03.410Z] <<< HTTP RESPONSE 200
[debug] [2021-07-24T12:35:03.427Z] >>> HTTP REQUEST GET https://firebase.googleapis.com/v1beta1/projects?pageSize=100  
 
[debug] [2021-07-24T12:35:03.996Z] <<< HTTP RESPONSE 200
[info] i  Using project berasku-test (berasku-test)
[info] 
=== Hosting Setup
[info] 
[info] Your public directory is the folder (relative to your project directory) that
[info] will contain Hosting assets to be uploaded with firebase deploy. If you
[info] have a build process for your assets, use your build's output directory.
[info] 
